AndroidStudio/Urho3D/app/build/outputs/logs/manifest-merger-debug-report.txt
-- Merging decision tree log ---
manifest
ADDED from src/main/AndroidManifest.xml:2:1-49:12
	package
		ADDED from src/main/AndroidManifest.xml:3:11-38
		INJECTED from src/main/AndroidManifest.xml
		INJECTED from src/main/AndroidManifest.xml
	android:versionName
		ADDED from src/main/AndroidManifest.xml:5:11-36
		INJECTED from src/main/AndroidManifest.xml
		INJECTED from src/main/AndroidManifest.xml
	android:versionCode
		ADDED from src/main/AndroidManifest.xml:4:11-34
		INJECTED from src/main/AndroidManifest.xml
		INJECTED from src/main/AndroidManifest.xml
	xmlns:android
		ADDED from src/main/AndroidManifest.xml:2:11-69
	android:installLocation
		ADDED from src/main/AndroidManifest.xml:6:11-41
uses-sdk
ADDED from src/main/AndroidManifest.xml:9:5-11:40
	android:targetSdkVersion
		ADDED from src/main/AndroidManifest.xml:11:9-38
		INJECTED from src/main/AndroidManifest.xml
		INJECTED from src/main/AndroidManifest.xml
	android:minSdkVersion
		ADDED from src/main/AndroidManifest.xml:10:9-35
		INJECTED from src/main/AndroidManifest.xml
		INJECTED from src/main/AndroidManifest.xml
uses-feature#0x00020000
ADDED from src/main/AndroidManifest.xml:14:5-53
	android:glEsVersion
		ADDED from src/main/AndroidManifest.xml:14:19-51
uses-permission#android.permission.WRITE_EXTERNAL_STORAGE
ADDED from src/main/AndroidManifest.xml:17:5-80
	android:name
		ADDED from src/main/AndroidManifest.xml:17:22-78
uses-permission#android.permission.INTERNET
ADDED from src/main/AndroidManifest.xml:20:5-66
	android:name
		ADDED from src/main/AndroidManifest.xml:20:22-64
application
ADDED from src/main/AndroidManifest.xml:22:5-48:19
	android:label
		ADDED from src/main/AndroidManifest.xml:23:9-41
	android:hardwareAccelerated
		ADDED from src/main/AndroidManifest.xml:26:9-43
	android:allowBackup
		ADDED from src/main/AndroidManifest.xml:27:9-36
	android:icon
		ADDED from src/main/AndroidManifest.xml:24:9-38
	android:theme
		ADDED from src/main/AndroidManifest.xml:25:9-67
activity#com.github.urho3d.SampleLauncher
ADDED from src/main/AndroidManifest.xml:28:9-37:20
	android:screenOrientation
		ADDED from src/main/AndroidManifest.xml:32:13-49
	android:noHistory
		ADDED from src/main/AndroidManifest.xml:31:13-37
	android:configChanges
		ADDED from src/main/AndroidManifest.xml:30:13-63
	android:name
		ADDED from src/main/AndroidManifest.xml:29:13-43
intent-filter#android.intent.action.MAIN+android.intent.category.LAUNCHER
ADDED from src/main/AndroidManifest.xml:33:13-36:29
action#android.intent.action.MAIN
ADDED from src/main/AndroidManifest.xml:34:17-68
	android:name
		ADDED from src/main/AndroidManifest.xml:34:25-66
category#android.intent.category.LAUNCHER
ADDED from src/main/AndroidManifest.xml:35:17-76
	android:name
		ADDED from src/main/AndroidManifest.xml:35:27-74
activity#com.github.urho3d.Urho3D
ADDED from src/main/AndroidManifest.xml:38:9-42:52
	android:screenOrientation
		ADDED from src/main/AndroidManifest.xml:42:13-50
	android:label
		ADDED from src/main/AndroidManifest.xml:40:13-45
	android:configChanges
		ADDED from src/main/AndroidManifest.xml:41:13-63
	android:name
		ADDED from src/main/AndroidManifest.xml:39:13-35
activity#com.github.urho3d.ScriptPicker
ADDED from src/main/AndroidManifest.xml:43:9-47:51
	android:screenOrientation
		ADDED from src/main/AndroidManifest.xml:47:13-49
	android:noHistory
		ADDED from src/main/AndroidManifest.xml:46:13-37
	android:configChanges
		ADDED from src/main/AndroidManifest.xml:45:13-63
	android:name
		ADDED from src/main/AndroidManifest.xml:44:13-41